# JRE version: OpenJDK Runtime Environment (8.0_202-b03) (build 1.8.0_202-release-1483-b03)
# Java VM: OpenJDK 64-Bit Server VM (25.202-b03 mixed mode windows-amd64 compressed oops)
Heap:
 PSYoungGen      total 104448K, used 48184K [0x00000000e0000000, 0x00000000e8080000, 0x0000000100000000)
  eden space 93696K, 39% used [0x00000000e0000000,0x00000000e248e5f0,0x00000000e5b80000)
  from space 10752K, 99% used [0x00000000e7600000,0x00000000e807fb70,0x00000000e8080000)
  to   space 12288K, 0% used [0x00000000e6880000,0x00000000e6880000,0x00000000e7480000)
 ParOldGen       total 93696K, used 16387K [0x00000000a0000000, 0x00000000a5b80000, 0x00000000e0000000)
  object space 93696K, 17% used [0x00000000a0000000,0x00000000a1000c98,0x00000000a5b80000)
 Metaspace       used 45376K, capacity 46516K, committed 46936K, reserved 1089536K
  class space    used 6112K, capacity 6405K, committed 6528K, reserved 1048576K
GC Heap History (10 events):
Event: 20.367 GC heap before
{Heap before GC invocations=10 (full 1):
 PSYoungGen      total 64512K, used 62627K [0x00000000e0000000, 0x00000000e4980000, 0x0000000100000000)
  eden space 55808K, 100% used [0x00000000e0000000,0x00000000e3680000,0x00000000e3680000)
  from space 8704K, 78% used [0x00000000e4100000,0x00000000e47a8f28,0x00000000e4980000)
  to   space 9728K, 0% used [0x00000000e3680000,0x00000000e3680000,0x00000000e4000000)
 ParOldGen       total 54784K, used 8018K [0x00000000a0000000, 0x00000000a3580000, 0x00000000e0000000)
  object space 54784K, 14% used [0x00000000a0000000,0x00000000a07d4900,0x00000000a3580000)
 Metaspace       used 31229K, capacity 31868K, committed 32256K, reserved 1077248K
  class space    used 4282K, capacity 4483K, committed 4608K, reserved 1048576K
Event: 20.394 GC heap after
Heap after GC invocations=10 (full 1):
 PSYoungGen      total 65536K, used 9073K [0x00000000e0000000, 0x00000000e6300000, 0x0000000100000000)
  eden space 55808K, 0% used [0x00000000e0000000,0x00000000e0000000,0x00000000e3680000)
  from space 9728K, 93% used [0x00000000e3680000,0x00000000e3f5c710,0x00000000e4000000)
  to   space 10752K, 0% used [0x00000000e5880000,0x00000000e5880000,0x00000000e6300000)
 ParOldGen       total 54784K, used 8026K [0x00000000a0000000, 0x00000000a3580000, 0x00000000e0000000)
  object space 54784K, 14% used [0x00000000a0000000,0x00000000a07d6900,0x00000000a3580000)
 Metaspace       used 31229K, capacity 31868K, committed 32256K, reserved 1077248K
  class space    used 4282K, capacity 4483K, committed 4608K, reserved 1048576K
}
Event: 23.250 GC heap before
{Heap before GC invocations=11 (full 1):
 PSYoungGen      total 65536K, used 64881K [0x00000000e0000000, 0x00000000e6300000, 0x0000000100000000)
  eden space 55808K, 100% used [0x00000000e0000000,0x00000000e3680000,0x00000000e3680000)
  from space 9728K, 93% used [0x00000000e3680000,0x00000000e3f5c710,0x00000000e4000000)
  to   space 10752K, 0% used [0x00000000e5880000,0x00000000e5880000,0x00000000e6300000)
 ParOldGen       total 54784K, used 8026K [0x00000000a0000000, 0x00000000a3580000, 0x00000000e0000000)
  object space 54784K, 14% used [0x00000000a0000000,0x00000000a07d6900,0x00000000a3580000)
 Metaspace       used 34264K, capacity 34968K, committed 35200K, reserved 1079296K
  class space    used 4716K, capacity 4901K, committed 4992K, reserved 1048576K
Event: 23.283 GC heap after
Heap after GC invocations=11 (full 1):
 PSYoungGen      total 88576K, used 6916K [0x00000000e0000000, 0x00000000e6180000, 0x0000000100000000)
  eden space 79360K, 0% used [0x00000000e0000000,0x00000000e0000000,0x00000000e4d80000)
  from space 9216K, 75% used [0x00000000e5880000,0x00000000e5f41270,0x00000000e6180000)
  to   space 10240K, 0% used [0x00000000e4d80000,0x00000000e4d80000,0x00000000e5780000)
 ParOldGen       total 54784K, used 12509K [0x00000000a0000000, 0x00000000a3580000, 0x00000000e0000000)
  object space 54784K, 22% used [0x00000000a0000000,0x00000000a0c374b0,0x00000000a3580000)
 Metaspace       used 34264K, capacity 34968K, committed 35200K, reserved 1079296K
  class space    used 4716K, capacity 4901K, committed 4992K, reserved 1048576K
}
Event: 32.495 GC heap before
{Heap before GC invocations=12 (full 1):
 PSYoungGen      total 88576K, used 18882K [0x00000000e0000000, 0x00000000e6180000, 0x0000000100000000)
  eden space 79360K, 15% used [0x00000000e0000000,0x00000000e0baf6f0,0x00000000e4d80000)
  from space 9216K, 75% used [0x00000000e5880000,0x00000000e5f41270,0x00000000e6180000)
  to   space 10240K, 0% used [0x00000000e4d80000,0x00000000e4d80000,0x00000000e5780000)
 ParOldGen       total 54784K, used 12509K [0x00000000a0000000, 0x00000000a3580000, 0x00000000e0000000)
  object space 54784K, 22% used [0x00000000a0000000,0x00000000a0c374b0,0x00000000a3580000)
 Metaspace       used 34512K, capacity 35260K, committed 35416K, reserved 1079296K
  class space    used 4754K, capacity 4975K, committed 4992K, reserved 1048576K
Event: 32.514 GC heap after
Heap after GC invocations=12 (full 1):
 PSYoungGen      total 89600K, used 1075K [0x00000000e0000000, 0x00000000e8080000, 0x0000000100000000)
  eden space 79360K, 0% used [0x00000000e0000000,0x00000000e0000000,0x00000000e4d80000)
  from space 10240K, 10% used [0x00000000e4d80000,0x00000000e4e8cdf0,0x00000000e5780000)
  to   space 10752K, 0% used [0x00000000e7600000,0x00000000e7600000,0x00000000e8080000)
 ParOldGen       total 54784K, used 16330K [0x00000000a0000000, 0x00000000a3580000, 0x00000000e0000000)
  object space 54784K, 29% used [0x00000000a0000000,0x00000000a0ff28f0,0x00000000a3580000)
 Metaspace       used 34512K, capacity 35260K, committed 35416K, reserved 1079296K
  class space    used 4754K, capacity 4975K, committed 4992K, reserved 1048576K
}
Event: 32.514 GC heap before
{Heap before GC invocations=13 (full 2):
 PSYoungGen      total 89600K, used 1075K [0x00000000e0000000, 0x00000000e8080000, 0x0000000100000000)
  eden space 79360K, 0% used [0x00000000e0000000,0x00000000e0000000,0x00000000e4d80000)
  from space 10240K, 10% used [0x00000000e4d80000,0x00000000e4e8cdf0,0x00000000e5780000)
  to   space 10752K, 0% used [0x00000000e7600000,0x00000000e7600000,0x00000000e8080000)
 ParOldGen       total 54784K, used 16330K [0x00000000a0000000, 0x00000000a3580000, 0x00000000e0000000)
  object space 54784K, 29% used [0x00000000a0000000,0x00000000a0ff28f0,0x00000000a3580000)
 Metaspace       used 34512K, capacity 35260K, committed 35416K, reserved 1079296K
  class space    used 4754K, capacity 4975K, committed 4992K, reserved 1048576K
Event: 33.238 GC heap after
Heap after GC invocations=13 (full 2):
 PSYoungGen      total 89600K, used 0K [0x00000000e0000000, 0x00000000e8080000, 0x0000000100000000)
  eden space 79360K, 0% used [0x00000000e0000000,0x00000000e0000000,0x00000000e4d80000)
  from space 10240K, 0% used [0x00000000e4d80000,0x00000000e4d80000,0x00000000e5780000)
  to   space 10752K, 0% used [0x00000000e7600000,0x00000000e7600000,0x00000000e8080000)
 ParOldGen       total 93696K, used 16355K [0x00000000a0000000, 0x00000000a5b80000, 0x00000000e0000000)
  object space 93696K, 17% used [0x00000000a0000000,0x00000000a0ff8fc0,0x00000000a5b80000)
 Metaspace       used 34501K, capacity 35224K, committed 35416K, reserved 1079296K
  class space    used 4751K, capacity 4969K, committed 4992K, reserved 1048576K
}
Event: 36.745 GC heap before
{Heap before GC invocations=14 (full 2):
 PSYoungGen      total 89600K, used 79360K [0x00000000e0000000, 0x00000000e8080000, 0x0000000100000000)
  eden space 79360K, 100% used [0x00000000e0000000,0x00000000e4d80000,0x00000000e4d80000)
  from space 10240K, 0% used [0x00000000e4d80000,0x00000000e4d80000,0x00000000e5780000)
  to   space 10752K, 0% used [0x00000000e7600000,0x00000000e7600000,0x00000000e8080000)
 ParOldGen       total 93696K, used 16355K [0x00000000a0000000, 0x00000000a5b80000, 0x00000000e0000000)
  object space 93696K, 17% used [0x00000000a0000000,0x00000000a0ff8fc0,0x00000000a5b80000)
 Metaspace       used 43075K, capacity 44082K, committed 44248K, reserved 1087488K
  class space    used 5829K, capacity 6115K, committed 6144K, reserved 1048576K
Event: 36.777 GC heap after
Heap after GC invocations=14 (full 2):
 PSYoungGen      total 104448K, used 10750K [0x00000000e0000000, 0x00000000e8080000, 0x0000000100000000)
  eden space 93696K, 0% used [0x00000000e0000000,0x00000000e0000000,0x00000000e5b80000)
  from space 10752K, 99% used [0x00000000e7600000,0x00000000e807fb70,0x00000000e8080000)
  to   space 12288K, 0% used [0x00000000e6880000,0x00000000e6880000,0x00000000e7480000)
 ParOldGen       total 93696K, used 16387K [0x00000000a0000000, 0x00000000a5b80000, 0x00000000e0000000)
  object space 93696K, 17% used [0x00000000a0000000,0x00000000a1000c98,0x00000000a5b80000)
 Metaspace       used 43075K, capacity 44082K, committed 44248K, reserved 1087488K
  class space    used 5829K, capacity 6115K, committed 6144K, reserved 1048576K
}

